2012-01-17 11:33:05 Error: [MissingControllerException] Controller class WwtController could not be found.
#0 C:\xampp\htdocs\wwt\app\webroot\index.php(96): Dispatcher->dispatch(Object(CakeRequest), Object(CakeResponse))
#1 {main}
2012-01-17 11:38:07 Error: [MissingActionException] Action WwtController::index() could not be found.
#0 C:\xampp\htdocs\wwt\lib\Cake\Routing\Dispatcher.php(107): Controller->invokeAction(Object(CakeRequest))
#1 C:\xampp\htdocs\wwt\lib\Cake\Routing\Dispatcher.php(89): Dispatcher->_invoke(Object(WwtController), Object(CakeRequest), Object(CakeResponse))
#2 C:\xampp\htdocs\wwt\app\webroot\index.php(96): Dispatcher->dispatch(Object(CakeRequest), Object(CakeResponse))
#3 {main}
2012-01-17 11:38:35 Error: [MissingViewException] View file "C:\xampp\htdocs\wwt\app\View\Wwt\index.ctp" is missing.
#0 C:\xampp\htdocs\wwt\lib\Cake\View\View.php(363): View->_getViewFileName(NULL)
#1 C:\xampp\htdocs\wwt\lib\Cake\Controller\Controller.php(900): View->render(NULL, NULL)
#2 C:\xampp\htdocs\wwt\lib\Cake\Routing\Dispatcher.php(114): Controller->render()
#3 C:\xampp\htdocs\wwt\lib\Cake\Routing\Dispatcher.php(89): Dispatcher->_invoke(Object(WwtController), Object(CakeRequest), Object(CakeResponse))
#4 C:\xampp\htdocs\wwt\app\webroot\index.php(96): Dispatcher->dispatch(Object(CakeRequest), Object(CakeResponse))
#5 {main}
2012-01-17 11:41:53 Error: [MissingControllerException] Controller class WwtController could not be found.
#0 C:\xampp\htdocs\wwt\app\webroot\index.php(96): Dispatcher->dispatch(Object(CakeRequest), Object(CakeResponse))
#1 {main}
2012-01-17 11:43:13 Error: [MissingActionException] Action WwtController::index() could not be found.
#0 C:\xampp\htdocs\wwt\lib\Cake\Routing\Dispatcher.php(107): Controller->invokeAction(Object(CakeRequest))
#1 C:\xampp\htdocs\wwt\lib\Cake\Routing\Dispatcher.php(89): Dispatcher->_invoke(Object(WwtController), Object(CakeRequest), Object(CakeResponse))
#2 C:\xampp\htdocs\wwt\app\webroot\index.php(96): Dispatcher->dispatch(Object(CakeRequest), Object(CakeResponse))
#3 {main}
2012-01-17 11:45:18 Error: [MissingViewException] View file "C:\xampp\htdocs\wwt\app\View\Wwt\index.ctp" is missing.
#0 C:\xampp\htdocs\wwt\lib\Cake\View\View.php(363): View->_getViewFileName(NULL)
#1 C:\xampp\htdocs\wwt\lib\Cake\Controller\Controller.php(900): View->render(NULL, NULL)
#2 C:\xampp\htdocs\wwt\lib\Cake\Routing\Dispatcher.php(114): Controller->render()
#3 C:\xampp\htdocs\wwt\lib\Cake\Routing\Dispatcher.php(89): Dispatcher->_invoke(Object(WwtController), Object(CakeRequest), Object(CakeResponse))
#4 C:\xampp\htdocs\wwt\app\webroot\index.php(96): Dispatcher->dispatch(Object(CakeRequest), Object(CakeResponse))
#5 {main}
2012-01-17 11:46:45 Error: [MissingViewException] View file "C:\xampp\htdocs\wwt\app\View\Wwt\index.ctp" is missing.
#0 C:\xampp\htdocs\wwt\lib\Cake\View\View.php(363): View->_getViewFileName(NULL)
#1 C:\xampp\htdocs\wwt\lib\Cake\Controller\Controller.php(900): View->render(NULL, NULL)
#2 C:\xampp\htdocs\wwt\lib\Cake\Routing\Dispatcher.php(114): Controller->render()
#3 C:\xampp\htdocs\wwt\lib\Cake\Routing\Dispatcher.php(89): Dispatcher->_invoke(Object(WwtController), Object(CakeRequest), Object(CakeResponse))
#4 C:\xampp\htdocs\wwt\app\webroot\index.php(96): Dispatcher->dispatch(Object(CakeRequest), Object(CakeResponse))
#5 {main}
2012-01-17 11:47:30 Error: [MissingViewException] View file "C:\xampp\htdocs\wwt\app\View\Wwt\index.ctp" is missing.
#0 C:\xampp\htdocs\wwt\lib\Cake\View\View.php(363): View->_getViewFileName(NULL)
#1 C:\xampp\htdocs\wwt\lib\Cake\Controller\Controller.php(900): View->render(NULL, NULL)
#2 C:\xampp\htdocs\wwt\lib\Cake\Routing\Dispatcher.php(114): Controller->render()
#3 C:\xampp\htdocs\wwt\lib\Cake\Routing\Dispatcher.php(89): Dispatcher->_invoke(Object(WwtController), Object(CakeRequest), Object(CakeResponse))
#4 C:\xampp\htdocs\wwt\app\webroot\index.php(96): Dispatcher->dispatch(Object(CakeRequest), Object(CakeResponse))
#5 {main}
2012-01-17 11:47:31 Error: [MissingViewException] View file "C:\xampp\htdocs\wwt\app\View\Wwt\index.ctp" is missing.
#0 C:\xampp\htdocs\wwt\lib\Cake\View\View.php(363): View->_getViewFileName(NULL)
#1 C:\xampp\htdocs\wwt\lib\Cake\Controller\Controller.php(900): View->render(NULL, NULL)
#2 C:\xampp\htdocs\wwt\lib\Cake\Routing\Dispatcher.php(114): Controller->render()
#3 C:\xampp\htdocs\wwt\lib\Cake\Routing\Dispatcher.php(89): Dispatcher->_invoke(Object(WwtController), Object(CakeRequest), Object(CakeResponse))
#4 C:\xampp\htdocs\wwt\app\webroot\index.php(96): Dispatcher->dispatch(Object(CakeRequest), Object(CakeResponse))
#5 {main}
2012-01-17 11:47:31 Error: [MissingViewException] View file "C:\xampp\htdocs\wwt\app\View\Wwt\index.ctp" is missing.
#0 C:\xampp\htdocs\wwt\lib\Cake\View\View.php(363): View->_getViewFileName(NULL)
#1 C:\xampp\htdocs\wwt\lib\Cake\Controller\Controller.php(900): View->render(NULL, NULL)
#2 C:\xampp\htdocs\wwt\lib\Cake\Routing\Dispatcher.php(114): Controller->render()
#3 C:\xampp\htdocs\wwt\lib\Cake\Routing\Dispatcher.php(89): Dispatcher->_invoke(Object(WwtController), Object(CakeRequest), Object(CakeResponse))
#4 C:\xampp\htdocs\wwt\app\webroot\index.php(96): Dispatcher->dispatch(Object(CakeRequest), Object(CakeResponse))
#5 {main}
2012-01-17 11:47:51 Error: [MissingViewException] View file "C:\xampp\htdocs\wwt\app\View\Wwt\index.ctp" is missing.
#0 C:\xampp\htdocs\wwt\lib\Cake\View\View.php(363): View->_getViewFileName(NULL)
#1 C:\xampp\htdocs\wwt\lib\Cake\Controller\Controller.php(900): View->render(NULL, NULL)
#2 C:\xampp\htdocs\wwt\lib\Cake\Routing\Dispatcher.php(114): Controller->render()
#3 C:\xampp\htdocs\wwt\lib\Cake\Routing\Dispatcher.php(89): Dispatcher->_invoke(Object(WwtController), Object(CakeRequest), Object(CakeResponse))
#4 C:\xampp\htdocs\wwt\app\webroot\index.php(96): Dispatcher->dispatch(Object(CakeRequest), Object(CakeResponse))
#5 {main}
2012-01-17 11:47:52 Error: [MissingViewException] View file "C:\xampp\htdocs\wwt\app\View\Wwt\index.ctp" is missing.
#0 C:\xampp\htdocs\wwt\lib\Cake\View\View.php(363): View->_getViewFileName(NULL)
#1 C:\xampp\htdocs\wwt\lib\Cake\Controller\Controller.php(900): View->render(NULL, NULL)
#2 C:\xampp\htdocs\wwt\lib\Cake\Routing\Dispatcher.php(114): Controller->render()
#3 C:\xampp\htdocs\wwt\lib\Cake\Routing\Dispatcher.php(89): Dispatcher->_invoke(Object(WwtController), Object(CakeRequest), Object(CakeResponse))
#4 C:\xampp\htdocs\wwt\app\webroot\index.php(96): Dispatcher->dispatch(Object(CakeRequest), Object(CakeResponse))
#5 {main}
2012-01-17 11:47:52 Error: [MissingViewException] View file "C:\xampp\htdocs\wwt\app\View\Wwt\index.ctp" is missing.
#0 C:\xampp\htdocs\wwt\lib\Cake\View\View.php(363): View->_getViewFileName(NULL)
#1 C:\xampp\htdocs\wwt\lib\Cake\Controller\Controller.php(900): View->render(NULL, NULL)
#2 C:\xampp\htdocs\wwt\lib\Cake\Routing\Dispatcher.php(114): Controller->render()
#3 C:\xampp\htdocs\wwt\lib\Cake\Routing\Dispatcher.php(89): Dispatcher->_invoke(Object(WwtController), Object(CakeRequest), Object(CakeResponse))
#4 C:\xampp\htdocs\wwt\app\webroot\index.php(96): Dispatcher->dispatch(Object(CakeRequest), Object(CakeResponse))
#5 {main}
2012-01-17 11:48:29 Error: [MissingViewException] View file "C:\xampp\htdocs\wwt\app\View\Wwt\index.ctp" is missing.
#0 C:\xampp\htdocs\wwt\lib\Cake\View\View.php(363): View->_getViewFileName(NULL)
#1 C:\xampp\htdocs\wwt\lib\Cake\Controller\Controller.php(900): View->render(NULL, NULL)
#2 C:\xampp\htdocs\wwt\lib\Cake\Routing\Dispatcher.php(114): Controller->render()
#3 C:\xampp\htdocs\wwt\lib\Cake\Routing\Dispatcher.php(89): Dispatcher->_invoke(Object(WwtController), Object(CakeRequest), Object(CakeResponse))
#4 C:\xampp\htdocs\wwt\app\webroot\index.php(96): Dispatcher->dispatch(Object(CakeRequest), Object(CakeResponse))
#5 {main}
2012-01-17 11:51:55 Error: [MissingControllerException] Controller class BestemmingController could not be found.
#0 C:\xampp\htdocs\wwt\app\webroot\index.php(96): Dispatcher->dispatch(Object(CakeRequest), Object(CakeResponse))
#1 {main}
2012-01-17 12:01:14 Error: [MissingControllerException] Controller class LoginController could not be found.
#0 C:\xampp\htdocs\wwt\app\webroot\index.php(96): Dispatcher->dispatch(Object(CakeRequest), Object(CakeResponse))
#1 {main}
2012-01-17 12:02:27 Error: [ReflectionException] Class LoginController does not have a constructor, so you cannot pass any constructor arguments
#0 C:\xampp\htdocs\wwt\lib\Cake\Routing\Dispatcher.php(167): ReflectionClass->newInstance(Object(CakeRequest), Object(CakeResponse))
#1 C:\xampp\htdocs\wwt\lib\Cake\Routing\Dispatcher.php(80): Dispatcher->_getController(Object(CakeRequest), Object(CakeResponse))
#2 C:\xampp\htdocs\wwt\app\webroot\index.php(96): Dispatcher->dispatch(Object(CakeRequest), Object(CakeResponse))
#3 {main}
2012-01-17 12:06:05 Error: [MissingControllerException] Controller class LoginController could not be found.
#0 C:\xampp\htdocs\wwt\app\webroot\index.php(96): Dispatcher->dispatch(Object(CakeRequest), Object(CakeResponse))
#1 {main}
2012-01-17 12:16:33 Error: [MissingControllerException] Controller class IndexController could not be found.
#0 C:\xampp\htdocs\wwt\app\webroot\index.php(96): Dispatcher->dispatch(Object(CakeRequest), Object(CakeResponse))
#1 {main}
2012-01-17 12:17:21 Error: [MissingControllerException] Controller class LoginController could not be found.
#0 C:\xampp\htdocs\wwt\app\webroot\index.php(96): Dispatcher->dispatch(Object(CakeRequest), Object(CakeResponse))
#1 {main}
2012-01-17 12:37:45 Error: [MissingControllerException] Controller class LoginController could not be found.
#0 C:\xampp\htdocs\wwt\app\webroot\index.php(96): Dispatcher->dispatch(Object(CakeRequest), Object(CakeResponse))
#1 {main}
2012-01-17 12:40:49 Error: [MissingControllerException] Controller class LoginController could not be found.
#0 C:\xampp\htdocs\wwt\app\webroot\index.php(96): Dispatcher->dispatch(Object(CakeRequest), Object(CakeResponse))
#1 {main}
2012-01-17 12:54:32 Error: [MissingControllerException] Controller class WwtController could not be found.
#0 C:\xampp\htdocs\wwt\app\webroot\index.php(96): Dispatcher->dispatch(Object(CakeRequest), Object(CakeResponse))
#1 {main}
2012-01-17 13:00:03 Error: [MissingControllerException] Controller class IndexController could not be found.
#0 C:\xampp\htdocs\wwt\app\webroot\index.php(96): Dispatcher->dispatch(Object(CakeRequest), Object(CakeResponse))
#1 {main}
2012-01-17 13:00:17 Error: [MissingControllerException] Controller class BestemmingController could not be found.
#0 C:\xampp\htdocs\wwt\app\webroot\index.php(96): Dispatcher->dispatch(Object(CakeRequest), Object(CakeResponse))
#1 {main}
2012-01-17 13:00:24 Error: [MissingControllerException] Controller class ViewController could not be found.
#0 C:\xampp\htdocs\wwt\app\webroot\index.php(96): Dispatcher->dispatch(Object(CakeRequest), Object(CakeResponse))
#1 {main}
2012-01-17 13:10:34 Error: [MissingActionException] Action LoginController::index() could not be found.
#0 C:\xampp\htdocs\wwt\lib\Cake\Routing\Dispatcher.php(107): Controller->invokeAction(Object(CakeRequest))
#1 C:\xampp\htdocs\wwt\lib\Cake\Routing\Dispatcher.php(89): Dispatcher->_invoke(Object(LoginController), Object(CakeRequest), Object(CakeResponse))
#2 C:\xampp\htdocs\wwt\app\webroot\index.php(96): Dispatcher->dispatch(Object(CakeRequest), Object(CakeResponse))
#3 {main}
2012-01-17 13:11:06 Error: [MissingViewException] View file "C:\xampp\htdocs\wwt\app\View\Login\index.ctp" is missing.
#0 C:\xampp\htdocs\wwt\lib\Cake\View\View.php(363): View->_getViewFileName(NULL)
#1 C:\xampp\htdocs\wwt\lib\Cake\Controller\Controller.php(900): View->render(NULL, NULL)
#2 C:\xampp\htdocs\wwt\lib\Cake\Routing\Dispatcher.php(114): Controller->render()
#3 C:\xampp\htdocs\wwt\lib\Cake\Routing\Dispatcher.php(89): Dispatcher->_invoke(Object(LoginController), Object(CakeRequest), Object(CakeResponse))
#4 C:\xampp\htdocs\wwt\app\webroot\index.php(96): Dispatcher->dispatch(Object(CakeRequest), Object(CakeResponse))
#5 {main}
2012-01-17 13:27:01 Error: [ReflectionException] Class GebruikerController does not have a constructor, so you cannot pass any constructor arguments
#0 C:\xampp\htdocs\wwt\lib\Cake\Routing\Dispatcher.php(167): ReflectionClass->newInstance(Object(CakeRequest), Object(CakeResponse))
#1 C:\xampp\htdocs\wwt\lib\Cake\Routing\Dispatcher.php(80): Dispatcher->_getController(Object(CakeRequest), Object(CakeResponse))
#2 C:\xampp\htdocs\wwt\app\webroot\index.php(96): Dispatcher->dispatch(Object(CakeRequest), Object(CakeResponse))
#3 {main}
2012-01-17 13:27:38 Error: [MissingViewException] View file "C:\xampp\htdocs\wwt\app\View\Gebruiker\index.ctp" is missing.
#0 C:\xampp\htdocs\wwt\lib\Cake\View\View.php(363): View->_getViewFileName(NULL)
#1 C:\xampp\htdocs\wwt\lib\Cake\Controller\Controller.php(900): View->render(NULL, NULL)
#2 C:\xampp\htdocs\wwt\lib\Cake\Routing\Dispatcher.php(114): Controller->render()
#3 C:\xampp\htdocs\wwt\lib\Cake\Routing\Dispatcher.php(89): Dispatcher->_invoke(Object(GebruikerController), Object(CakeRequest), Object(CakeResponse))
#4 C:\xampp\htdocs\wwt\app\webroot\index.php(96): Dispatcher->dispatch(Object(CakeRequest), Object(CakeResponse))
#5 {main}
2012-01-17 13:28:23 Error: [MissingViewException] View file "C:\xampp\htdocs\wwt\app\View\Bestemming\index.ctp" is missing.
#0 C:\xampp\htdocs\wwt\lib\Cake\View\View.php(363): View->_getViewFileName(NULL)
#1 C:\xampp\htdocs\wwt\lib\Cake\Controller\Controller.php(900): View->render(NULL, NULL)
#2 C:\xampp\htdocs\wwt\lib\Cake\Routing\Dispatcher.php(114): Controller->render()
#3 C:\xampp\htdocs\wwt\lib\Cake\Routing\Dispatcher.php(89): Dispatcher->_invoke(Object(BestemmingController), Object(CakeRequest), Object(CakeResponse))
#4 C:\xampp\htdocs\wwt\app\webroot\index.php(96): Dispatcher->dispatch(Object(CakeRequest), Object(CakeResponse))
#5 {main}
2012-01-17 13:29:04 Error: [MissingViewException] View file "C:\xampp\htdocs\wwt\app\View\Klant\index.ctp" is missing.
#0 C:\xampp\htdocs\wwt\lib\Cake\View\View.php(363): View->_getViewFileName(NULL)
#1 C:\xampp\htdocs\wwt\lib\Cake\Controller\Controller.php(900): View->render(NULL, NULL)
#2 C:\xampp\htdocs\wwt\lib\Cake\Routing\Dispatcher.php(114): Controller->render()
#3 C:\xampp\htdocs\wwt\lib\Cake\Routing\Dispatcher.php(89): Dispatcher->_invoke(Object(KlantController), Object(CakeRequest), Object(CakeResponse))
#4 C:\xampp\htdocs\wwt\app\webroot\index.php(96): Dispatcher->dispatch(Object(CakeRequest), Object(CakeResponse))
#5 {main}
2012-01-17 13:30:00 Error: [MissingViewException] View file "C:\xampp\htdocs\wwt\app\View\Boeking\index.ctp" is missing.
#0 C:\xampp\htdocs\wwt\lib\Cake\View\View.php(363): View->_getViewFileName(NULL)
#1 C:\xampp\htdocs\wwt\lib\Cake\Controller\Controller.php(900): View->render(NULL, NULL)
#2 C:\xampp\htdocs\wwt\lib\Cake\Routing\Dispatcher.php(114): Controller->render()
#3 C:\xampp\htdocs\wwt\lib\Cake\Routing\Dispatcher.php(89): Dispatcher->_invoke(Object(BoekingController), Object(CakeRequest), Object(CakeResponse))
#4 C:\xampp\htdocs\wwt\app\webroot\index.php(96): Dispatcher->dispatch(Object(CakeRequest), Object(CakeResponse))
#5 {main}
2012-01-17 13:30:57 Error: [MissingViewException] View file "C:\xampp\htdocs\wwt\app\View\Reis\index.ctp" is missing.
#0 C:\xampp\htdocs\wwt\lib\Cake\View\View.php(363): View->_getViewFileName(NULL)
#1 C:\xampp\htdocs\wwt\lib\Cake\Controller\Controller.php(900): View->render(NULL, NULL)
#2 C:\xampp\htdocs\wwt\lib\Cake\Routing\Dispatcher.php(114): Controller->render()
#3 C:\xampp\htdocs\wwt\lib\Cake\Routing\Dispatcher.php(89): Dispatcher->_invoke(Object(ReisController), Object(CakeRequest), Object(CakeResponse))
#4 C:\xampp\htdocs\wwt\app\webroot\index.php(96): Dispatcher->dispatch(Object(CakeRequest), Object(CakeResponse))
#5 {main}
2012-01-17 13:31:39 Error: [MissingViewException] View file "C:\xampp\htdocs\wwt\app\View\Zoek\index.ctp" is missing.
#0 C:\xampp\htdocs\wwt\lib\Cake\View\View.php(363): View->_getViewFileName(NULL)
#1 C:\xampp\htdocs\wwt\lib\Cake\Controller\Controller.php(900): View->render(NULL, NULL)
#2 C:\xampp\htdocs\wwt\lib\Cake\Routing\Dispatcher.php(114): Controller->render()
#3 C:\xampp\htdocs\wwt\lib\Cake\Routing\Dispatcher.php(89): Dispatcher->_invoke(Object(ZoekController), Object(CakeRequest), Object(CakeResponse))
#4 C:\xampp\htdocs\wwt\app\webroot\index.php(96): Dispatcher->dispatch(Object(CakeRequest), Object(CakeResponse))
#5 {main}
2012-01-17 13:32:29 Error: [MissingViewException] View file "C:\xampp\htdocs\wwt\app\View\Index\index.ctp" is missing.
#0 C:\xampp\htdocs\wwt\lib\Cake\View\View.php(363): View->_getViewFileName(NULL)
#1 C:\xampp\htdocs\wwt\lib\Cake\Controller\Controller.php(900): View->render(NULL, NULL)
#2 C:\xampp\htdocs\wwt\lib\Cake\Routing\Dispatcher.php(114): Controller->render()
#3 C:\xampp\htdocs\wwt\lib\Cake\Routing\Dispatcher.php(89): Dispatcher->_invoke(Object(IndexController), Object(CakeRequest), Object(CakeResponse))
#4 C:\xampp\htdocs\wwt\app\webroot\index.php(96): Dispatcher->dispatch(Object(CakeRequest), Object(CakeResponse))
#5 {main}
2012-01-17 13:43:07 Error: [MissingControllerException] Controller class WwtController could not be found.
#0 C:\xampp\htdocs\wwt\app\webroot\index.php(96): Dispatcher->dispatch(Object(CakeRequest), Object(CakeResponse))
#1 {main}
2012-01-17 13:43:49 Error: [MissingControllerException] Controller class WwtController could not be found.
#0 C:\xampp\htdocs\wwt\app\webroot\index.php(96): Dispatcher->dispatch(Object(CakeRequest), Object(CakeResponse))
#1 {main}
2012-01-17 13:45:22 Error: [MissingControllerException] Controller class WwtController could not be found.
#0 C:\xampp\htdocs\wwt\app\webroot\index.php(96): Dispatcher->dispatch(Object(CakeRequest), Object(CakeResponse))
#1 {main}
2012-01-17 13:57:54 Error: [MissingControllerException] Controller class WwtController could not be found.
#0 C:\xampp\htdocs\wwt\app\webroot\index.php(96): Dispatcher->dispatch(Object(CakeRequest), Object(CakeResponse))
#1 {main}
2012-01-17 13:58:52 Error: [MissingControllerException] Controller class WwtController could not be found.
#0 C:\xampp\htdocs\wwt\app\webroot\index.php(96): Dispatcher->dispatch(Object(CakeRequest), Object(CakeResponse))
#1 {main}
2012-01-17 14:00:43 Error: [MissingViewException] View file "C:\xampp\htdocs\wwt\app\View\Index\index.ctp" is missing.
#0 C:\xampp\htdocs\wwt\lib\Cake\View\View.php(363): View->_getViewFileName(NULL)
#1 C:\xampp\htdocs\wwt\lib\Cake\Controller\Controller.php(900): View->render(NULL, NULL)
#2 C:\xampp\htdocs\wwt\lib\Cake\Routing\Dispatcher.php(114): Controller->render()
#3 C:\xampp\htdocs\wwt\lib\Cake\Routing\Dispatcher.php(89): Dispatcher->_invoke(Object(IndexController), Object(CakeRequest), Object(CakeResponse))
#4 C:\xampp\htdocs\wwt\app\webroot\index.php(96): Dispatcher->dispatch(Object(CakeRequest), Object(CakeResponse))
#5 {main}
2012-01-17 14:00:58 Error: [MissingControllerException] Controller class HomeController could not be found.
#0 C:\xampp\htdocs\wwt\app\webroot\index.php(96): Dispatcher->dispatch(Object(CakeRequest), Object(CakeResponse))
#1 {main}
2012-01-17 14:01:08 Error: [MissingViewException] View file "C:\xampp\htdocs\wwt\app\View\Index\index.ctp" is missing.
#0 C:\xampp\htdocs\wwt\lib\Cake\View\View.php(363): View->_getViewFileName(NULL)
#1 C:\xampp\htdocs\wwt\lib\Cake\Controller\Controller.php(900): View->render(NULL, NULL)
#2 C:\xampp\htdocs\wwt\lib\Cake\Routing\Dispatcher.php(114): Controller->render()
#3 C:\xampp\htdocs\wwt\lib\Cake\Routing\Dispatcher.php(89): Dispatcher->_invoke(Object(IndexController), Object(CakeRequest), Object(CakeResponse))
#4 C:\xampp\htdocs\wwt\app\webroot\index.php(96): Dispatcher->dispatch(Object(CakeRequest), Object(CakeResponse))
#5 {main}
2012-01-17 14:04:39 Error: [MissingControllerException] Controller class WwtController could not be found.
#0 C:\xampp\htdocs\wwt\app\webroot\index.php(96): Dispatcher->dispatch(Object(CakeRequest), Object(CakeResponse))
#1 {main}
2012-01-17 14:05:25 Error: [MissingControllerException] Controller class WwtController could not be found.
#0 C:\xampp\htdocs\wwt\app\webroot\index.php(96): Dispatcher->dispatch(Object(CakeRequest), Object(CakeResponse))
#1 {main}
2012-01-17 14:05:33 Error: [MissingControllerException] Controller class WwtController could not be found.
#0 C:\xampp\htdocs\wwt\app\webroot\index.php(96): Dispatcher->dispatch(Object(CakeRequest), Object(CakeResponse))
#1 {main}
2012-01-17 14:06:07 Error: [MissingControllerException] Controller class WwtController could not be found.
#0 C:\xampp\htdocs\wwt\app\webroot\index.php(96): Dispatcher->dispatch(Object(CakeRequest), Object(CakeResponse))
#1 {main}
2012-01-17 14:06:48 Error: [MissingControllerException] Controller class WwtController could not be found.
#0 C:\xampp\htdocs\wwt\app\webroot\index.php(96): Dispatcher->dispatch(Object(CakeRequest), Object(CakeResponse))
#1 {main}
2012-01-17 14:07:04 Error: [MissingControllerException] Controller class WwtController could not be found.
#0 C:\xampp\htdocs\wwt\app\webroot\index.php(96): Dispatcher->dispatch(Object(CakeRequest), Object(CakeResponse))
#1 {main}
2012-01-17 14:07:14 Error: [MissingControllerException] Controller class WwtController could not be found.
#0 C:\xampp\htdocs\wwt\app\webroot\index.php(96): Dispatcher->dispatch(Object(CakeRequest), Object(CakeResponse))
#1 {main}
2012-01-17 14:07:19 Error: [MissingControllerException] Controller class WwtController could not be found.
#0 C:\xampp\htdocs\wwt\app\webroot\index.php(96): Dispatcher->dispatch(Object(CakeRequest), Object(CakeResponse))
#1 {main}
2012-01-17 14:07:37 Error: [MissingViewException] View file "C:\xampp\htdocs\wwt\app\View\Bestemming\index.ctp" is missing.
#0 C:\xampp\htdocs\wwt\lib\Cake\View\View.php(363): View->_getViewFileName(NULL)
#1 C:\xampp\htdocs\wwt\lib\Cake\Controller\Controller.php(900): View->render(NULL, NULL)
#2 C:\xampp\htdocs\wwt\lib\Cake\Routing\Dispatcher.php(114): Controller->render()
#3 C:\xampp\htdocs\wwt\lib\Cake\Routing\Dispatcher.php(89): Dispatcher->_invoke(Object(BestemmingController), Object(CakeRequest), Object(CakeResponse))
#4 C:\xampp\htdocs\wwt\app\webroot\index.php(96): Dispatcher->dispatch(Object(CakeRequest), Object(CakeResponse))
#5 {main}
2012-01-17 14:12:59 Error: [MissingControllerException] Controller class WwtController could not be found.
#0 C:\xampp\htdocs\wwt\app\webroot\index.php(96): Dispatcher->dispatch(Object(CakeRequest), Object(CakeResponse))
#1 {main}
2012-01-17 14:13:13 Error: [MissingControllerException] Controller class WwtController could not be found.
#0 C:\xampp\htdocs\wwt\app\webroot\index.php(96): Dispatcher->dispatch(Object(CakeRequest), Object(CakeResponse))
#1 {main}
2012-01-17 14:13:27 Error: [MissingActionException] Action BestemmingController::index.php() could not be found.
#0 C:\xampp\htdocs\wwt\lib\Cake\Routing\Dispatcher.php(107): Controller->invokeAction(Object(CakeRequest))
#1 C:\xampp\htdocs\wwt\lib\Cake\Routing\Dispatcher.php(89): Dispatcher->_invoke(Object(BestemmingController), Object(CakeRequest), Object(CakeResponse))
#2 C:\xampp\htdocs\wwt\app\webroot\index.php(96): Dispatcher->dispatch(Object(CakeRequest), Object(CakeResponse))
#3 {main}
2012-01-17 14:13:44 Error: [MissingControllerException] Controller class WwtController could not be found.
#0 C:\xampp\htdocs\wwt\app\webroot\index.php(96): Dispatcher->dispatch(Object(CakeRequest), Object(CakeResponse))
#1 {main}
2012-01-17 14:13:53 Error: [MissingControllerException] Controller class HomeController could not be found.
#0 C:\xampp\htdocs\wwt\app\webroot\index.php(96): Dispatcher->dispatch(Object(CakeRequest), Object(CakeResponse))
#1 {main}
2012-01-17 14:14:01 Error: [MissingActionException] Action IndexController::index.php() could not be found.
#0 C:\xampp\htdocs\wwt\lib\Cake\Routing\Dispatcher.php(107): Controller->invokeAction(Object(CakeRequest))
#1 C:\xampp\htdocs\wwt\lib\Cake\Routing\Dispatcher.php(89): Dispatcher->_invoke(Object(IndexController), Object(CakeRequest), Object(CakeResponse))
#2 C:\xampp\htdocs\wwt\app\webroot\index.php(96): Dispatcher->dispatch(Object(CakeRequest), Object(CakeResponse))
#3 {main}
2012-01-17 14:14:08 Error: [MissingViewException] View file "C:\xampp\htdocs\wwt\app\View\Index\index.ctp" is missing.
#0 C:\xampp\htdocs\wwt\lib\Cake\View\View.php(363): View->_getViewFileName(NULL)
#1 C:\xampp\htdocs\wwt\lib\Cake\Controller\Controller.php(900): View->render(NULL, NULL)
#2 C:\xampp\htdocs\wwt\lib\Cake\Routing\Dispatcher.php(114): Controller->render()
#3 C:\xampp\htdocs\wwt\lib\Cake\Routing\Dispatcher.php(89): Dispatcher->_invoke(Object(IndexController), Object(CakeRequest), Object(CakeResponse))
#4 C:\xampp\htdocs\wwt\app\webroot\index.php(96): Dispatcher->dispatch(Object(CakeRequest), Object(CakeResponse))
#5 {main}
2012-01-17 14:14:17 Error: [MissingViewException] View file "C:\xampp\htdocs\wwt\app\View\Bestemming\index.ctp" is missing.
#0 C:\xampp\htdocs\wwt\lib\Cake\View\View.php(363): View->_getViewFileName(NULL)
#1 C:\xampp\htdocs\wwt\lib\Cake\Controller\Controller.php(900): View->render(NULL, NULL)
#2 C:\xampp\htdocs\wwt\lib\Cake\Routing\Dispatcher.php(114): Controller->render()
#3 C:\xampp\htdocs\wwt\lib\Cake\Routing\Dispatcher.php(89): Dispatcher->_invoke(Object(BestemmingController), Object(CakeRequest), Object(CakeResponse))
#4 C:\xampp\htdocs\wwt\app\webroot\index.php(96): Dispatcher->dispatch(Object(CakeRequest), Object(CakeResponse))
#5 {main}
2012-01-17 14:16:50 Error: [MissingViewException] View file "C:\xampp\htdocs\wwt\app\View\Bestemming\view.ctp" is missing.
#0 C:\xampp\htdocs\wwt\lib\Cake\View\View.php(363): View->_getViewFileName(NULL)
#1 C:\xampp\htdocs\wwt\lib\Cake\Controller\Controller.php(900): View->render(NULL, NULL)
#2 C:\xampp\htdocs\wwt\lib\Cake\Routing\Dispatcher.php(114): Controller->render()
#3 C:\xampp\htdocs\wwt\lib\Cake\Routing\Dispatcher.php(89): Dispatcher->_invoke(Object(BestemmingController), Object(CakeRequest), Object(CakeResponse))
#4 C:\xampp\htdocs\wwt\app\webroot\index.php(96): Dispatcher->dispatch(Object(CakeRequest), Object(CakeResponse))
#5 {main}
2012-01-17 14:18:05 Error: [MissingViewException] View file "C:\xampp\htdocs\wwt\app\View\Bestemming\view.ctp" is missing.
#0 C:\xampp\htdocs\wwt\lib\Cake\View\View.php(363): View->_getViewFileName(NULL)
#1 C:\xampp\htdocs\wwt\lib\Cake\Controller\Controller.php(900): View->render(NULL, NULL)
#2 C:\xampp\htdocs\wwt\lib\Cake\Routing\Dispatcher.php(114): Controller->render()
#3 C:\xampp\htdocs\wwt\lib\Cake\Routing\Dispatcher.php(89): Dispatcher->_invoke(Object(BestemmingController), Object(CakeRequest), Object(CakeResponse))
#4 C:\xampp\htdocs\wwt\app\webroot\index.php(96): Dispatcher->dispatch(Object(CakeRequest), Object(CakeResponse))
#5 {main}
2012-01-17 14:38:18 Error: [MissingActionException] Action BestemmingController::home() could not be found.
#0 C:\xampp\htdocs\wwt\lib\Cake\Routing\Dispatcher.php(107): Controller->invokeAction(Object(CakeRequest))
#1 C:\xampp\htdocs\wwt\lib\Cake\Routing\Dispatcher.php(89): Dispatcher->_invoke(Object(BestemmingController), Object(CakeRequest), Object(CakeResponse))
#2 C:\xampp\htdocs\wwt\app\webroot\index.php(96): Dispatcher->dispatch(Object(CakeRequest), Object(CakeResponse))
#3 {main}
2012-01-17 14:38:27 Error: [MissingControllerException] Controller class HomeController could not be found.
#0 C:\xampp\htdocs\wwt\app\webroot\index.php(96): Dispatcher->dispatch(Object(CakeRequest), Object(CakeResponse))
#1 {main}
2012-01-17 14:39:01 Error: [MissingViewException] View file "C:\xampp\htdocs\wwt\app\View\Home\index.ctp" is missing.
#0 C:\xampp\htdocs\wwt\lib\Cake\View\View.php(363): View->_getViewFileName(NULL)
#1 C:\xampp\htdocs\wwt\lib\Cake\Controller\Controller.php(900): View->render(NULL, NULL)
#2 C:\xampp\htdocs\wwt\lib\Cake\Routing\Dispatcher.php(114): Controller->render()
#3 C:\xampp\htdocs\wwt\lib\Cake\Routing\Dispatcher.php(89): Dispatcher->_invoke(Object(HomeController), Object(CakeRequest), Object(CakeResponse))
#4 C:\xampp\htdocs\wwt\app\webroot\index.php(96): Dispatcher->dispatch(Object(CakeRequest), Object(CakeResponse))
#5 {main}
2012-01-17 14:39:34 Error: [MissingControllerException] Controller class ImgController could not be found.
#0 C:\xampp\htdocs\wwt\app\webroot\index.php(96): Dispatcher->dispatch(Object(CakeRequest), Object(CakeResponse))
#1 {main}
2012-01-17 14:39:34 Error: [MissingControllerException] Controller class CssController could not be found.
#0 C:\xampp\htdocs\wwt\app\webroot\index.php(96): Dispatcher->dispatch(Object(CakeRequest), Object(CakeResponse))
#1 {main}
2012-01-17 14:39:34 Error: [MissingControllerException] Controller class ImgController could not be found.
#0 C:\xampp\htdocs\wwt\app\webroot\index.php(96): Dispatcher->dispatch(Object(CakeRequest), Object(CakeResponse))
#1 {main}
2012-01-17 14:41:41 Error: [MissingControllerException] Controller class CssController could not be found.
#0 C:\xampp\htdocs\wwt\app\webroot\index.php(96): Dispatcher->dispatch(Object(CakeRequest), Object(CakeResponse))
#1 {main}
2012-01-17 14:41:41 Error: [MissingControllerException] Controller class ImgController could not be found.
#0 C:\xampp\htdocs\wwt\app\webroot\index.php(96): Dispatcher->dispatch(Object(CakeRequest), Object(CakeResponse))
#1 {main}
2012-01-17 14:41:41 Error: [MissingControllerException] Controller class ImgController could not be found.
#0 C:\xampp\htdocs\wwt\app\webroot\index.php(96): Dispatcher->dispatch(Object(CakeRequest), Object(CakeResponse))
#1 {main}
2012-01-17 14:44:51 Error: [MissingControllerException] Controller class ImgController could not be found.
#0 C:\xampp\htdocs\wwt\app\webroot\index.php(96): Dispatcher->dispatch(Object(CakeRequest), Object(CakeResponse))
#1 {main}
2012-01-17 14:44:51 Error: [MissingControllerException] Controller class CssController could not be found.
#0 C:\xampp\htdocs\wwt\app\webroot\index.php(96): Dispatcher->dispatch(Object(CakeRequest), Object(CakeResponse))
#1 {main}
2012-01-17 14:44:51 Error: [MissingControllerException] Controller class ImgController could not be found.
#0 C:\xampp\htdocs\wwt\app\webroot\index.php(96): Dispatcher->dispatch(Object(CakeRequest), Object(CakeResponse))
#1 {main}
2012-01-17 14:44:52 Error: [MissingControllerException] Controller class ImgController could not be found.
#0 C:\xampp\htdocs\wwt\app\webroot\index.php(96): Dispatcher->dispatch(Object(CakeRequest), Object(CakeResponse))
#1 {main}
2012-01-17 14:44:52 Error: [MissingControllerException] Controller class CssController could not be found.
#0 C:\xampp\htdocs\wwt\app\webroot\index.php(96): Dispatcher->dispatch(Object(CakeRequest), Object(CakeResponse))
#1 {main}
2012-01-17 14:44:52 Error: [MissingControllerException] Controller class ImgController could not be found.
#0 C:\xampp\htdocs\wwt\app\webroot\index.php(96): Dispatcher->dispatch(Object(CakeRequest), Object(CakeResponse))
#1 {main}
2012-01-17 14:45:13 Error: [MissingControllerException] Controller class CssController could not be found.
#0 C:\xampp\htdocs\wwt\app\webroot\index.php(96): Dispatcher->dispatch(Object(CakeRequest), Object(CakeResponse))
#1 {main}
2012-01-17 14:45:13 Error: [MissingControllerException] Controller class ImgController could not be found.
#0 C:\xampp\htdocs\wwt\app\webroot\index.php(96): Dispatcher->dispatch(Object(CakeRequest), Object(CakeResponse))
#1 {main}
2012-01-17 14:45:13 Error: [MissingControllerException] Controller class ImgController could not be found.
#0 C:\xampp\htdocs\wwt\app\webroot\index.php(96): Dispatcher->dispatch(Object(CakeRequest), Object(CakeResponse))
#1 {main}
2012-01-17 14:45:14 Error: [MissingControllerException] Controller class CssController could not be found.
#0 C:\xampp\htdocs\wwt\app\webroot\index.php(96): Dispatcher->dispatch(Object(CakeRequest), Object(CakeResponse))
#1 {main}
2012-01-17 14:45:14 Error: [MissingControllerException] Controller class ImgController could not be found.
#0 C:\xampp\htdocs\wwt\app\webroot\index.php(96): Dispatcher->dispatch(Object(CakeRequest), Object(CakeResponse))
#1 {main}
2012-01-17 14:45:14 Error: [MissingControllerException] Controller class ImgController could not be found.
#0 C:\xampp\htdocs\wwt\app\webroot\index.php(96): Dispatcher->dispatch(Object(CakeRequest), Object(CakeResponse))
#1 {main}
2012-01-17 14:45:24 Error: [MissingControllerException] Controller class ImgController could not be found.
#0 C:\xampp\htdocs\wwt\app\webroot\index.php(96): Dispatcher->dispatch(Object(CakeRequest), Object(CakeResponse))
#1 {main}
2012-01-17 14:45:24 Error: [MissingControllerException] Controller class CssController could not be found.
#0 C:\xampp\htdocs\wwt\app\webroot\index.php(96): Dispatcher->dispatch(Object(CakeRequest), Object(CakeResponse))
#1 {main}
2012-01-17 14:45:24 Error: [MissingControllerException] Controller class ImgController could not be found.
#0 C:\xampp\htdocs\wwt\app\webroot\index.php(96): Dispatcher->dispatch(Object(CakeRequest), Object(CakeResponse))
#1 {main}
2012-01-17 14:45:24 Error: [MissingControllerException] Controller class ImgController could not be found.
#0 C:\xampp\htdocs\wwt\app\webroot\index.php(96): Dispatcher->dispatch(Object(CakeRequest), Object(CakeResponse))
#1 {main}
2012-01-17 14:45:24 Error: [MissingControllerException] Controller class CssController could not be found.
#0 C:\xampp\htdocs\wwt\app\webroot\index.php(96): Dispatcher->dispatch(Object(CakeRequest), Object(CakeResponse))
#1 {main}
2012-01-17 14:45:25 Error: [MissingControllerException] Controller class ImgController could not be found.
#0 C:\xampp\htdocs\wwt\app\webroot\index.php(96): Dispatcher->dispatch(Object(CakeRequest), Object(CakeResponse))
#1 {main}
2012-01-17 14:45:25 Error: [MissingControllerException] Controller class CssController could not be found.
#0 C:\xampp\htdocs\wwt\app\webroot\index.php(96): Dispatcher->dispatch(Object(CakeRequest), Object(CakeResponse))
#1 {main}
2012-01-17 14:45:25 Error: [MissingControllerException] Controller class ImgController could not be found.
#0 C:\xampp\htdocs\wwt\app\webroot\index.php(96): Dispatcher->dispatch(Object(CakeRequest), Object(CakeResponse))
#1 {main}
2012-01-17 14:45:25 Error: [MissingControllerException] Controller class ImgController could not be found.
#0 C:\xampp\htdocs\wwt\app\webroot\index.php(96): Dispatcher->dispatch(Object(CakeRequest), Object(CakeResponse))
#1 {main}
2012-01-17 14:45:25 Error: [MissingControllerException] Controller class CssController could not be found.
#0 C:\xampp\htdocs\wwt\app\webroot\index.php(96): Dispatcher->dispatch(Object(CakeRequest), Object(CakeResponse))
#1 {main}
2012-01-17 14:45:25 Error: [MissingControllerException] Controller class ImgController could not be found.
#0 C:\xampp\htdocs\wwt\app\webroot\index.php(96): Dispatcher->dispatch(Object(CakeRequest), Object(CakeResponse))
#1 {main}
2012-01-17 14:45:25 Error: [MissingControllerException] Controller class ImgController could not be found.
#0 C:\xampp\htdocs\wwt\app\webroot\index.php(96): Dispatcher->dispatch(Object(CakeRequest), Object(CakeResponse))
#1 {main}
